2025-12-04 10:46:16 INFO  [main] it.web.routex.controller.applicativo.LoginController - Funzione autenticaUtente() dentro LoginController.java con autenticazione Simone e Remoli
2025-12-04 10:46:16 INFO  [main] it.web.routex.controller.applicativo.LoginController - Funzione autenticaUtente() dentro LoginController.java con autenticazione Giulio e Andreotti
2025-12-04 10:46:16 INFO  [main] it.web.routex.controller.applicativo.PagamentoPaypal - Traveler Giulio BCCSLL98 Andreotti true ha effettuato un pagamento di 4.0 euro con Paypal
2025-12-04 10:46:16 INFO  [main] it.web.routex.controller.applicativo.PagamentoMastercard - Traveler Giulio BCCSLL98 Andreotti true ha effettuato un pagamento di 10.0 euro con la Mastercard
2025-12-04 10:46:16 INFO  [main] it.web.routex.controller.applicativo.PathController - Stazioni trovate. Id stazione di partenza = 70 e stazione di arrivo = 5
2025-12-04 10:46:16 INFO  [main] it.web.routex.controller.applicativo.PathController - Stazioni trovate. Id stazione di partenza = 67 e stazione di arrivo = 26
2025-12-04 10:47:06 INFO  [http-nio-8080-exec-1] it.web.routex.controller.grafico.LoginControllerGrafico - Bean di autenticazione creato con email: NotCheckedEmail=andreotti@gmail.com, NotCheckedPassword=mammina
2025-12-04 10:47:07 INFO  [http-nio-8080-exec-1] it.web.routex.controller.applicativo.LoginController - Funzione autenticaUtente() dentro LoginController.java con autenticazione Giulio e Andreotti
2025-12-04 10:47:07 INFO  [http-nio-8080-exec-1] it.web.routex.controller.grafico.LoginControllerGrafico - Utente perfettamente autenticato: nome=Giulio, cognome=Andreotti, ruolo=TRAVELER
2025-12-04 10:47:32 INFO  [http-nio-8080-exec-6] it.web.routex.controller.grafico.PathControllerGrafico - Dati per il percorso acquisiti correttamente. Città=Rome, StazPart=Spagna, StazArr=Ottaviano
2025-12-04 10:47:32 INFO  [http-nio-8080-exec-6] it.web.routex.controller.applicativo.PathController - Stazioni trovate. Id stazione di partenza = 67 e stazione di arrivo = 70
2025-12-04 10:47:32 ERROR [http-nio-8080-exec-6] it.web.routex.controller.grafico.PathControllerGrafico - Errore processamento dati percorso UnreachableNodeExceptionRemoli {errorCode='ERR-NODE-UNREACHABLE', userMessage='Il percorso verso la stazione selezionata non è disponibile.', technicalMessage='Nodo 70 irraggiungibile da 66', severity=CRITICAL, timestamp=2025-12-04T10:47:32.500986}
2025-12-04 10:48:38 INFO  [main] it.web.routex.controller.applicativo.LoginController - Funzione autenticaUtente() dentro LoginController.java con autenticazione Simone e Remoli
2025-12-04 10:48:38 INFO  [main] it.web.routex.controller.applicativo.LoginController - Funzione autenticaUtente() dentro LoginController.java con autenticazione Giulio e Andreotti
2025-12-04 10:48:39 INFO  [main] it.web.routex.controller.applicativo.PagamentoPaypal - Traveler Giulio BCCSLL98 Andreotti true ha effettuato un pagamento di 4.0 euro con Paypal
2025-12-04 10:48:39 INFO  [main] it.web.routex.controller.applicativo.PagamentoMastercard - Traveler Giulio BCCSLL98 Andreotti true ha effettuato un pagamento di 10.0 euro con la Mastercard
2025-12-04 10:48:39 INFO  [main] it.web.routex.controller.applicativo.PathController - Stazioni trovate. Id stazione di partenza = 70 e stazione di arrivo = 5
2025-12-04 10:48:39 INFO  [main] it.web.routex.model.domain.Rome - Cambi linee metropolitane in CityLifeController.java 1
2025-12-04 10:48:39 INFO  [main] it.web.routex.controller.applicativo.PathController - Stazioni trovate. Id stazione di partenza = 67 e stazione di arrivo = 26
2025-12-04 10:48:39 INFO  [main] it.web.routex.model.domain.Rome - Cambi linee metropolitane in CityLifeController.java 0
2025-12-04 10:49:16 INFO  [main] it.web.routex.controller.applicativo.LoginController - Funzione autenticaUtente() dentro LoginController.java con autenticazione Simone e Remoli
2025-12-04 10:49:16 INFO  [main] it.web.routex.controller.applicativo.LoginController - Funzione autenticaUtente() dentro LoginController.java con autenticazione Giulio e Andreotti
2025-12-04 10:49:17 INFO  [main] it.web.routex.controller.applicativo.PagamentoPaypal - Traveler Giulio BCCSLL98 Andreotti true ha effettuato un pagamento di 4.0 euro con Paypal
2025-12-04 10:49:17 INFO  [main] it.web.routex.controller.applicativo.PagamentoMastercard - Traveler Giulio BCCSLL98 Andreotti true ha effettuato un pagamento di 10.0 euro con la Mastercard
2025-12-04 10:49:17 INFO  [main] it.web.routex.controller.applicativo.PathController - Stazioni trovate. Id stazione di partenza = 70 e stazione di arrivo = 5
2025-12-04 10:49:17 INFO  [main] it.web.routex.model.domain.Rome - Cambi linee metropolitane in CityLifeController.java 1
2025-12-04 10:49:17 INFO  [main] it.web.routex.controller.applicativo.PathController - Stazioni trovate. Id stazione di partenza = 67 e stazione di arrivo = 26
2025-12-04 10:49:17 INFO  [main] it.web.routex.model.domain.Rome - Cambi linee metropolitane in CityLifeController.java 0
2025-12-04 10:51:03 INFO  [main] it.web.routex.controller.applicativo.LoginController - Funzione autenticaUtente() dentro LoginController.java con autenticazione Simone e Remoli
2025-12-04 10:51:03 INFO  [main] it.web.routex.controller.applicativo.LoginController - Funzione autenticaUtente() dentro LoginController.java con autenticazione Giulio e Andreotti
2025-12-04 10:51:03 INFO  [main] it.web.routex.controller.applicativo.PagamentoPaypal - Traveler Giulio BCCSLL98 Andreotti true ha effettuato un pagamento di 4.0 euro con Paypal
2025-12-04 10:51:03 INFO  [main] it.web.routex.controller.applicativo.PagamentoMastercard - Traveler Giulio BCCSLL98 Andreotti true ha effettuato un pagamento di 10.0 euro con la Mastercard
2025-12-04 10:51:03 INFO  [main] it.web.routex.controller.applicativo.PathController - Stazioni trovate. Id stazione di partenza = 70 e stazione di arrivo = 5
2025-12-04 10:51:03 INFO  [main] it.web.routex.model.domain.Rome - Cambi linee metropolitane in CityLifeController.java 1
2025-12-04 10:51:03 INFO  [main] it.web.routex.controller.applicativo.PathController - Stazioni trovate. Id stazione di partenza = 67 e stazione di arrivo = 26
2025-12-04 10:51:03 INFO  [main] it.web.routex.model.domain.Rome - Cambi linee metropolitane in CityLifeController.java 0
2025-12-04 10:52:08 INFO  [main] it.web.routex.controller.applicativo.LoginController - Funzione autenticaUtente() dentro LoginController.java con autenticazione Simone e Remoli
2025-12-04 10:52:08 INFO  [main] it.web.routex.controller.applicativo.LoginController - Funzione autenticaUtente() dentro LoginController.java con autenticazione Giulio e Andreotti
2025-12-04 10:52:08 INFO  [main] it.web.routex.controller.applicativo.PagamentoPaypal - Traveler Giulio BCCSLL98 Andreotti true ha effettuato un pagamento di 4.0 euro con Paypal
2025-12-04 10:52:08 INFO  [main] it.web.routex.controller.applicativo.PagamentoMastercard - Traveler Giulio BCCSLL98 Andreotti true ha effettuato un pagamento di 10.0 euro con la Mastercard
2025-12-04 10:52:08 INFO  [main] it.web.routex.controller.applicativo.PathController - Stazioni trovate. Id stazione di partenza = 70 e stazione di arrivo = 5
2025-12-04 10:52:08 INFO  [main] it.web.routex.model.domain.Rome - Cambi linee metropolitane in CityLifeController.java 1
2025-12-04 10:52:08 INFO  [main] it.web.routex.controller.applicativo.PathController - Stazioni trovate. Id stazione di partenza = 67 e stazione di arrivo = 26
2025-12-04 10:52:08 INFO  [main] it.web.routex.model.domain.Rome - Cambi linee metropolitane in CityLifeController.java 0
2025-12-04 10:53:31 INFO  [main] it.web.routex.controller.applicativo.LoginController - Funzione autenticaUtente() dentro LoginController.java con autenticazione Simone e Remoli
2025-12-04 10:53:31 INFO  [main] it.web.routex.controller.applicativo.LoginController - Funzione autenticaUtente() dentro LoginController.java con autenticazione Giulio e Andreotti
2025-12-04 10:53:31 INFO  [main] it.web.routex.controller.applicativo.PagamentoPaypal - Traveler Giulio BCCSLL98 Andreotti true ha effettuato un pagamento di 4.0 euro con Paypal
2025-12-04 10:53:31 INFO  [main] it.web.routex.controller.applicativo.PagamentoMastercard - Traveler Giulio BCCSLL98 Andreotti true ha effettuato un pagamento di 10.0 euro con la Mastercard
2025-12-04 10:53:31 INFO  [main] it.web.routex.controller.applicativo.PathController - Stazioni trovate. Id stazione di partenza = 70 e stazione di arrivo = 5
2025-12-04 10:53:31 INFO  [main] it.web.routex.model.domain.Rome - Cambi linee metropolitane in CityLifeController.java 1
2025-12-04 10:53:31 INFO  [main] it.web.routex.controller.applicativo.PathController - Stazioni trovate. Id stazione di partenza = 67 e stazione di arrivo = 26
2025-12-04 10:53:31 INFO  [main] it.web.routex.model.domain.Rome - Cambi linee metropolitane in CityLifeController.java 0
2025-12-04 10:54:18 INFO  [main] it.web.routex.controller.applicativo.LoginController - Funzione autenticaUtente() dentro LoginController.java con autenticazione Simone e Remoli
2025-12-04 10:54:18 INFO  [main] it.web.routex.controller.applicativo.LoginController - Funzione autenticaUtente() dentro LoginController.java con autenticazione Giulio e Andreotti
2025-12-04 10:54:18 INFO  [main] it.web.routex.controller.applicativo.PagamentoPaypal - Traveler Giulio BCCSLL98 Andreotti true ha effettuato un pagamento di 4.0 euro con Paypal
2025-12-04 10:54:18 INFO  [main] it.web.routex.controller.applicativo.PagamentoMastercard - Traveler Giulio BCCSLL98 Andreotti true ha effettuato un pagamento di 10.0 euro con la Mastercard
2025-12-04 10:54:18 INFO  [main] it.web.routex.controller.applicativo.PathController - Stazioni trovate. Id stazione di partenza = 70 e stazione di arrivo = 5
2025-12-04 10:54:18 INFO  [main] it.web.routex.model.domain.Rome - Cambi linee metropolitane in CityLifeController.java 1
2025-12-04 10:54:18 INFO  [main] it.web.routex.controller.applicativo.PathController - Stazioni trovate. Id stazione di partenza = 67 e stazione di arrivo = 26
2025-12-04 10:54:18 INFO  [main] it.web.routex.model.domain.Rome - Cambi linee metropolitane in CityLifeController.java 0
2025-12-04 10:55:28 INFO  [http-nio-8080-exec-7] it.web.routex.controller.grafico.LoginControllerGrafico - Bean di autenticazione creato con email: NotCheckedEmail=andreotti@gmail.com, NotCheckedPassword=mammina
2025-12-04 10:55:28 INFO  [http-nio-8080-exec-7] it.web.routex.controller.applicativo.LoginController - Funzione autenticaUtente() dentro LoginController.java con autenticazione Giulio e Andreotti
2025-12-04 10:55:28 INFO  [http-nio-8080-exec-7] it.web.routex.controller.grafico.LoginControllerGrafico - Utente perfettamente autenticato: nome=Giulio, cognome=Andreotti, ruolo=TRAVELER
2025-12-04 10:55:39 INFO  [http-nio-8080-exec-3] it.web.routex.controller.grafico.PathControllerGrafico - Dati per il percorso acquisiti correttamente. Città=Rome, StazPart=Ponte Mammolo, StazArr=Santa Maria del Soccorso
2025-12-04 10:55:39 INFO  [http-nio-8080-exec-3] it.web.routex.controller.applicativo.PathController - Stazioni trovate. Id stazione di partenza = 1 e stazione di arrivo = 2
2025-12-04 10:55:39 INFO  [http-nio-8080-exec-3] it.web.routex.model.domain.Rome - Cambi linee metropolitane in CityLifeController.java 0
2025-12-04 10:55:39 INFO  [http-nio-8080-exec-3] it.web.routex.controller.grafico.PathControllerGrafico - Percorso salvato correttamente per l'utente Giulio Andreotti TRAVELER relativo alla città Rome.
2025-12-04 10:55:39 INFO  [http-nio-8080-exec-3] it.web.routex.controller.grafico.PathControllerGrafico - Route from Ponte Mammolo to Santa Maria del Soccorso in Rome
2025-12-04 11:10:29 INFO  [main] it.web.routex.controller.applicativo.LoginController - Funzione autenticaUtente() dentro LoginController.java con autenticazione Simone e Remoli
2025-12-04 11:10:29 INFO  [main] it.web.routex.controller.applicativo.LoginController - Funzione autenticaUtente() dentro LoginController.java con autenticazione Giulio e Andreotti
2025-12-04 11:10:29 INFO  [main] it.web.routex.controller.applicativo.PagamentoPaypal - Traveler Giulio BCCSLL98 Andreotti true ha effettuato un pagamento di 4.0 euro con Paypal
2025-12-04 11:10:29 INFO  [main] it.web.routex.controller.applicativo.PagamentoMastercard - Traveler Giulio BCCSLL98 Andreotti true ha effettuato un pagamento di 10.0 euro con la Mastercard
2025-12-04 11:10:29 INFO  [main] it.web.routex.controller.applicativo.PathController - Stazioni trovate. Id stazione di partenza = 70 e stazione di arrivo = 5
2025-12-04 11:10:29 INFO  [main] it.web.routex.model.domain.Rome - Cambi linee metropolitane in CityLifeController.java 1
2025-12-04 11:10:29 INFO  [main] it.web.routex.controller.applicativo.PathController - Stazioni trovate. Id stazione di partenza = 67 e stazione di arrivo = 26
2025-12-04 11:10:29 INFO  [main] it.web.routex.model.domain.Rome - Cambi linee metropolitane in CityLifeController.java 0
2025-12-04 11:25:44 INFO  [main] it.web.routex.controller.applicativo.LoginController - Funzione autenticaUtente() dentro LoginController.java con autenticazione Simone e Remoli
2025-12-04 11:25:44 INFO  [main] it.web.routex.controller.applicativo.LoginController - Funzione autenticaUtente() dentro LoginController.java con autenticazione Giulio e Andreotti
2025-12-04 11:25:44 INFO  [main] it.web.routex.controller.applicativo.PagamentoPaypal - Traveler Giulio BCCSLL98 Andreotti true ha effettuato un pagamento di 4.0 euro con Paypal
2025-12-04 11:25:44 INFO  [main] it.web.routex.controller.applicativo.PagamentoMastercard - Traveler Giulio BCCSLL98 Andreotti true ha effettuato un pagamento di 10.0 euro con la Mastercard
2025-12-04 11:25:44 INFO  [main] it.web.routex.controller.applicativo.PathController - Stazioni trovate. Id stazione di partenza = 70 e stazione di arrivo = 5
2025-12-04 11:25:44 INFO  [main] it.web.routex.model.domain.Rome - Cambi linee metropolitane in CityLifeController.java 1
2025-12-04 11:25:44 INFO  [main] it.web.routex.controller.applicativo.PathController - Stazioni trovate. Id stazione di partenza = 67 e stazione di arrivo = 26
2025-12-04 11:25:44 INFO  [main] it.web.routex.model.domain.Rome - Cambi linee metropolitane in CityLifeController.java 0
