2025-12-01 10:14:20 DEBUG [http-nio-8080-exec-8] Controller.Grafico.LoginControllerGrafico - Errore di validazione input login: InvalidLoginInputExceptionRemoli {errorCode='ERR-LOGIN-INPUT', userMessage='Come pensi di autenticarti senza email? Io boh', technicalMessage='Email è blank dopo sanitizzazione.', severity=MEDIUM, timestamp=2025-12-01T10:14:20.688571}
2025-12-01 10:20:37 ERROR [http-nio-8080-exec-6] Controller.Grafico.LoginControllerGrafico - Errore di validazione input login: InvalidLoginInputExceptionRemoli {errorCode='ERR-LOGIN-INPUT', userMessage='Come pensi di autenticarti senza email? Io boh', technicalMessage='Email è blank dopo sanitizzazione.', severity=MEDIUM, timestamp=2025-12-01T10:20:37.864773}
2025-12-01 10:24:53 INFO  [http-nio-8080-exec-5] Controller.Grafico.LoginControllerGrafico - Bean di autenticazione creato con email: andreotti@gmail.com
2025-12-01 10:28:58 INFO  [http-nio-8080-exec-6] Controller.Grafico.LoginControllerGrafico - Bean di autenticazione creato con email: andreotti@yahoo.it
2025-12-01 10:28:59 ERROR [http-nio-8080-exec-6] Controller.Grafico.LoginControllerGrafico - Tentativo di login fallito: andreotti@yahoo.it
2025-12-01 10:31:29 INFO  [http-nio-8080-exec-6] Controller.Grafico.LoginControllerGrafico - Bean di autenticazione creato con email: simo@yahoo.it
2025-12-01 10:31:29 ERROR [http-nio-8080-exec-6] Controller.Grafico.LoginControllerGrafico - Tentativo di login fallito: email=simo@yahoo.it, Maskedpassw=*******, message=Credenziali non valide.
2025-12-01 10:34:01 ERROR [http-nio-8080-exec-7] Controller.Grafico.LoginControllerGrafico - Errore di validazione input login: InvalidLoginInputExceptionRemoli {errorCode='ERR-LOGIN-INPUT', userMessage='Ok che l'utente è scemo, ma non così tanto. Inserisci una email valida.', technicalMessage='Regex email non rispettata: simo"yahoo.net', severity=MEDIUM, timestamp=2025-12-01T10:34:00.976129}
2025-12-01 10:41:35 INFO  [http-nio-8080-exec-7] Controller.Grafico.LoginControllerGrafico - Bean di autenticazione creato con email: NotCheckedEmail=androtti@gmail.com, NotCheckedPassword=mammino
2025-12-01 10:41:36 ERROR [http-nio-8080-exec-7] Controller.Grafico.LoginControllerGrafico - Tentativo di login fallito: email=androtti@gmail.com, Maskedpassw=*******, message=Credenziali non valide.
2025-12-01 10:42:42 INFO  [http-nio-8080-exec-7] Controller.Grafico.LoginControllerGrafico - Bean di autenticazione creato con email: NotCheckedEmail=andreotti@gmail.com, NotCheckedPassword=mammina
2025-12-01 10:42:43 INFO  [http-nio-8080-exec-7] Controller.Grafico.LoginControllerGrafico - Utente autenticato: nome=Giulio, cognome=Andreotti, ruolo=TRAVELER
2025-12-01 10:58:23 INFO  [http-nio-8080-exec-3] Controller.Grafico.LoginControllerGrafico - Bean di autenticazione creato con email: NotCheckedEmail=andreotti@gmail.com, NotCheckedPassword=mammina
2025-12-01 10:58:23 INFO  [http-nio-8080-exec-3] Controller.Grafico.LoginControllerGrafico - Utente perfettamente autenticato: nome=Giulio, cognome=Andreotti, ruolo=TRAVELER
2025-12-01 10:58:25 INFO  [http-nio-8080-exec-6] Controller.Grafico.BuyTicketControllerGrafico - Visualizzata la pagina di acquisto biglietti con size=4 città disponibili.
2025-12-01 11:02:28 INFO  [http-nio-8080-exec-5] Controller.Grafico.LoginControllerGrafico - Bean di autenticazione creato con email: NotCheckedEmail=andreotti@gmail.com, NotCheckedPassword=mammina
2025-12-01 11:02:28 INFO  [http-nio-8080-exec-5] Controller.Grafico.LoginControllerGrafico - Utente perfettamente autenticato: nome=Giulio, cognome=Andreotti, ruolo=TRAVELER
2025-12-01 11:02:30 INFO  [http-nio-8080-exec-7] Controller.Grafico.BuyTicketControllerGrafico - Visualizzata la pagina di acquisto biglietti con size=4 città disponibili.
2025-12-01 11:02:36 ERROR [http-nio-8080-exec-10] Controller.Grafico.BuyTicketControllerGrafico - Errore di validazione input nell'acquisto biglietti: InvalidBuyTicketInputExceptionRemoli {errorCode='ERR-BUY-TICKET-INPUT', userMessage='Puoi acquistare un massimo di 10 biglietti alla volta.', technicalMessage='Quantità troppo grande: 1000', severity=HIGH, timestamp=2025-12-01T11:02:36.137107}
2025-12-01 11:11:17 INFO  [http-nio-8080-exec-7] Controller.Grafico.LoginControllerGrafico - Bean di autenticazione creato con email: NotCheckedEmail=andreotti@gmail.com, NotCheckedPassword=mammina
2025-12-01 11:11:18 INFO  [http-nio-8080-exec-7] Controller.Grafico.LoginControllerGrafico - Utente perfettamente autenticato: nome=Giulio, cognome=Andreotti, ruolo=TRAVELER
2025-12-01 11:11:22 INFO  [http-nio-8080-exec-9] Controller.Grafico.BuyTicketControllerGrafico - Visualizzata la pagina di acquisto biglietti con size=4 città disponibili.
2025-12-01 11:11:34 INFO  [http-nio-8080-exec-2] Controller.Grafico.BuyTicketControllerGrafico - Elaborazione richiesta acquisto biglietti per città='Athens', quantità=1
2025-12-01 11:14:04 INFO  [http-nio-8080-exec-10] Controller.Grafico.LoginControllerGrafico - Bean di autenticazione creato con email: NotCheckedEmail=andreotti@gmail.com, NotCheckedPassword=mammina
2025-12-01 11:14:04 INFO  [http-nio-8080-exec-10] Controller.Grafico.LoginControllerGrafico - Utente perfettamente autenticato: nome=Giulio, cognome=Andreotti, ruolo=TRAVELER
2025-12-01 11:14:07 INFO  [http-nio-8080-exec-2] Controller.Grafico.BuyTicketControllerGrafico - Visualizzata la pagina di acquisto biglietti con size=4 città disponibili.
2025-12-01 11:14:15 ERROR [http-nio-8080-exec-5] Controller.Grafico.BuyTicketControllerGrafico - Errore di validazione input nell'acquisto biglietti: InvalidBuyTicketInputExceptionRemoli {errorCode='ERR-BUY-TICKET-INPUT', userMessage='Puoi acquistare un massimo di 10 biglietti alla volta.', technicalMessage='Quantità troppo grande: 90', severity=HIGH, timestamp=2025-12-01T11:14:15.715123}
2025-12-01 11:20:07 INFO  [http-nio-8080-exec-9] Controller.Grafico.LoginControllerGrafico - Bean di autenticazione creato con email: NotCheckedEmail=andreotti@gmail.com, NotCheckedPassword=mammina
2025-12-01 11:20:08 INFO  [http-nio-8080-exec-9] Controller.Grafico.LoginControllerGrafico - Utente perfettamente autenticato: nome=Giulio, cognome=Andreotti, ruolo=TRAVELER
2025-12-01 11:20:09 INFO  [http-nio-8080-exec-2] Controller.Grafico.BuyTicketControllerGrafico - Visualizzata la pagina di acquisto biglietti con size=4 città disponibili.
2025-12-01 11:20:11 INFO  [http-nio-8080-exec-5] Controller.Grafico.BuyTicketControllerGrafico - Elaborazione richiesta acquisto biglietti per città='Naples', quantità=1
2025-12-01 11:37:16 INFO  [http-nio-8080-exec-7] Controller.Grafico.LoginControllerGrafico - Bean di autenticazione creato con email: NotCheckedEmail=andreotti@gmail.com, NotCheckedPassword=mammina
2025-12-01 11:37:16 INFO  [http-nio-8080-exec-7] Controller.Grafico.LoginControllerGrafico - Utente perfettamente autenticato: nome=Giulio, cognome=Andreotti, ruolo=TRAVELER
2025-12-01 11:37:17 INFO  [http-nio-8080-exec-9] Controller.Grafico.BuyTicketControllerGrafico - Visualizzata la pagina di acquisto biglietti con size=4 città disponibili.
2025-12-01 11:37:23 INFO  [http-nio-8080-exec-2] Controller.Grafico.BuyTicketControllerGrafico - Elaborazione richiesta acquisto biglietti per città='Rome', quantità=3
2025-12-01 11:37:23 INFO  [http-nio-8080-exec-2] Controller.Grafico.BuyTicketControllerGrafico - Elaborazione prezzo: prezzo=Rome
2025-12-01 11:37:53 INFO  [http-nio-8080-exec-4] Controller.Grafico.ConfermaPagamentoControllerGrafico - [PROCESSAMENTO PAGAMENTO] Utente loggato: nome=Giulio, cognome=Andreotti, ruolo=TRAVELER
2025-12-01 15:00:26 INFO  [http-nio-8080-exec-7] Controller.Grafico.LoginControllerGrafico - Bean di autenticazione creato con email: NotCheckedEmail=andreotti@gmail.com, NotCheckedPassword=mammina
2025-12-01 15:00:26 INFO  [http-nio-8080-exec-7] Controller.Grafico.LoginControllerGrafico - Utente perfettamente autenticato: nome=Giulio, cognome=Andreotti, ruolo=TRAVELER
2025-12-01 15:00:33 INFO  [http-nio-8080-exec-9] Controller.Grafico.BuyTicketControllerGrafico - Visualizzata la pagina di acquisto biglietti con size=4 città disponibili.
2025-12-01 15:00:37 INFO  [http-nio-8080-exec-2] Controller.Grafico.BuyTicketControllerGrafico - Elaborazione richiesta acquisto biglietti per città='Athens', quantità=4
2025-12-01 15:00:37 INFO  [http-nio-8080-exec-2] Controller.Grafico.BuyTicketControllerGrafico - Elaborazione prezzo: prezzo=Athens
2025-12-01 15:01:00 INFO  [http-nio-8080-exec-4] Controller.Grafico.ConfermaPagamentoControllerGrafico - [PROCESSAMENTO PAGAMENTO] Utente loggato: nome=Giulio, cognome=Andreotti, ruolo=TRAVELER
2025-12-01 15:01:00 ERROR [http-nio-8080-exec-4] Controller.Grafico.ConfermaPagamentoControllerGrafico - Errore nei dati Mastercard InvalidCardInputExceptionRemoli {errorCode='ERR-CARD-INPUT', userMessage='La data di scadenza non è valida.', technicalMessage='Formato errato, atteso MM/YY, ricevuto: 2026-01-01', severity=MEDIUM, timestamp=2025-12-01T15:01:00.419576}
2025-12-01 15:18:16 INFO  [http-nio-8080-exec-8] Controller.Grafico.LoginControllerGrafico - Bean di autenticazione creato con email: NotCheckedEmail=andreotti@gmail.com, NotCheckedPassword=mammina
2025-12-01 15:18:16 INFO  [http-nio-8080-exec-8] Controller.Grafico.LoginControllerGrafico - Utente perfettamente autenticato: nome=Giulio, cognome=Andreotti, ruolo=TRAVELER
2025-12-01 15:18:20 INFO  [http-nio-8080-exec-10] Controller.Grafico.BuyTicketControllerGrafico - Visualizzata la pagina di acquisto biglietti con size=4 città disponibili.
2025-12-01 15:18:32 INFO  [http-nio-8080-exec-2] Controller.Grafico.BuyTicketControllerGrafico - Elaborazione richiesta acquisto biglietti per città='Rome', quantità=5
2025-12-01 15:18:32 INFO  [http-nio-8080-exec-2] Controller.Grafico.BuyTicketControllerGrafico - Elaborazione prezzo: prezzo=Rome
2025-12-01 15:19:02 INFO  [http-nio-8080-exec-4] Controller.Grafico.ConfermaPagamentoControllerGrafico - [PROCESSAMENTO PAGAMENTO] Utente loggato: nome=Giulio, cognome=Andreotti, ruolo=TRAVELER
2025-12-01 15:19:02 ERROR [http-nio-8080-exec-4] Controller.Grafico.ConfermaPagamentoControllerGrafico - Errore nei dati Mastercard InvalidCardInputExceptionRemoli {errorCode='ERR-CARD-INPUT', userMessage='La data di scadenza non è valida.', technicalMessage='Formato errato, atteso YYYY-MM-DD (HTML5), ricevuto: 12', severity=MEDIUM, timestamp=2025-12-01T15:19:02.428458}
2025-12-01 15:19:20 INFO  [http-nio-8080-exec-7] Controller.Grafico.BuyTicketControllerGrafico - Visualizzata la pagina di acquisto biglietti con size=4 città disponibili.
2025-12-01 15:19:22 INFO  [http-nio-8080-exec-9] Controller.Grafico.BuyTicketControllerGrafico - Elaborazione richiesta acquisto biglietti per città='Rome', quantità=1
2025-12-01 15:19:22 INFO  [http-nio-8080-exec-9] Controller.Grafico.BuyTicketControllerGrafico - Elaborazione prezzo: prezzo=Rome
2025-12-01 15:20:14 INFO  [http-nio-8080-exec-1] Controller.Grafico.ConfermaPagamentoControllerGrafico - [PROCESSAMENTO PAGAMENTO] Utente loggato: nome=Giulio, cognome=Andreotti, ruolo=TRAVELER
2025-12-01 15:20:14 INFO  [http-nio-8080-exec-1] Controller.Grafico.ConfermaPagamentoControllerGrafico - Pagamento confermato con successo. City=Rome, Quantity=1, Total=1.5, Method=mastercard, MessageCheck=Pagamento con Mastercard completato (4539456721894321)., TicketCode=[1764598814587-ROME-8204d2af]
2025-12-01 15:22:28 INFO  [http-nio-8080-exec-10] Controller.Grafico.LoginControllerGrafico - Bean di autenticazione creato con email: NotCheckedEmail=andreotti@gmail.com, NotCheckedPassword=mammina
2025-12-01 15:22:28 INFO  [http-nio-8080-exec-10] Controller.Grafico.LoginControllerGrafico - Utente perfettamente autenticato: nome=Giulio, cognome=Andreotti, ruolo=TRAVELER
2025-12-01 15:22:37 INFO  [http-nio-8080-exec-2] Controller.Grafico.BuyTicketControllerGrafico - Visualizzata la pagina di acquisto biglietti con size=4 città disponibili.
2025-12-01 15:22:39 INFO  [http-nio-8080-exec-5] Controller.Grafico.BuyTicketControllerGrafico - Elaborazione richiesta acquisto biglietti per città='Athens', quantità=1
2025-12-01 15:22:39 INFO  [http-nio-8080-exec-5] Controller.Grafico.BuyTicketControllerGrafico - Elaborazione prezzo: prezzo=Athens
2025-12-01 15:25:09 INFO  [http-nio-8080-exec-9] Controller.Grafico.LoginControllerGrafico - Bean di autenticazione creato con email: NotCheckedEmail=andreotti@gmail.com, NotCheckedPassword=mammina
2025-12-01 15:25:10 INFO  [http-nio-8080-exec-9] Controller.Grafico.LoginControllerGrafico - Utente perfettamente autenticato: nome=Giulio, cognome=Andreotti, ruolo=TRAVELER
2025-12-01 15:25:13 INFO  [http-nio-8080-exec-2] Controller.Grafico.BuyTicketControllerGrafico - Visualizzata la pagina di acquisto biglietti con size=4 città disponibili.
2025-12-01 15:25:17 INFO  [http-nio-8080-exec-5] Controller.Grafico.BuyTicketControllerGrafico - Elaborazione richiesta acquisto biglietti per città='Rome', quantità=5
2025-12-01 15:25:17 INFO  [http-nio-8080-exec-5] Controller.Grafico.BuyTicketControllerGrafico - Elaborazione prezzo: prezzo=Rome
2025-12-01 15:25:44 INFO  [http-nio-8080-exec-7] Controller.Grafico.ConfermaPagamentoControllerGrafico - [PROCESSAMENTO PAGAMENTO] Utente loggato: nome=Giulio, cognome=Andreotti, ruolo=TRAVELER
2025-12-01 15:25:44 ERROR [http-nio-8080-exec-7] Controller.Grafico.ConfermaPagamentoControllerGrafico - Errore nei dati Mastercard InvalidCardInputExceptionRemoli {errorCode='ERR-CARD-INPUT', userMessage='Il numero della carta non è valido.', technicalMessage='Formato non corretto, atteso 16 cifre, ricevuto: 1111', severity=MEDIUM, timestamp=2025-12-01T15:25:44.510542}
2025-12-01 15:32:00 INFO  [http-nio-8080-exec-7] Controller.Grafico.LoginControllerGrafico - Bean di autenticazione creato con email: NotCheckedEmail=andreotti@gmail.com, NotCheckedPassword=mammina
2025-12-01 15:32:00 INFO  [http-nio-8080-exec-7] Controller.Grafico.LoginControllerGrafico - Utente perfettamente autenticato: nome=Giulio, cognome=Andreotti, ruolo=TRAVELER
2025-12-01 15:32:03 INFO  [http-nio-8080-exec-10] Controller.Grafico.BuyTicketControllerGrafico - Visualizzata la pagina di acquisto biglietti con size=4 città disponibili.
2025-12-01 15:32:07 INFO  [http-nio-8080-exec-3] Controller.Grafico.BuyTicketControllerGrafico - Elaborazione richiesta acquisto biglietti per città='Rome', quantità=5
2025-12-01 15:32:07 INFO  [http-nio-8080-exec-3] Controller.Grafico.BuyTicketControllerGrafico - Elaborazione prezzo: prezzo=Rome
2025-12-01 15:32:21 INFO  [http-nio-8080-exec-5] Controller.Grafico.ConfermaPagamentoControllerGrafico - [PROCESSAMENTO PAGAMENTO] Utente loggato: nome=Giulio, cognome=Andreotti, ruolo=TRAVELER
2025-12-01 15:32:21 INFO  [http-nio-8080-exec-5] Controller.Grafico.ConfermaPagamentoControllerGrafico - Pagamento confermato con successo. City=Rome, Quantity=5, Total=7.5, Method=mastercard, MessageCheck=Pagamento con Mastercard completato (4539456721894321)., TicketCode=[1764599541194-ROME-52dd9c2e, 1764599541196-ROME-e42a79b4, 1764599541196-ROME-34b6da21, 1764599541196-ROME-33ead6eb, 1764599541196-ROME-3bc578b3]
2025-12-01 15:36:22 INFO  [http-nio-8080-exec-7] Controller.Grafico.LoginControllerGrafico - Bean di autenticazione creato con email: NotCheckedEmail=andreotti@gmail.com, NotCheckedPassword=mammina
2025-12-01 15:36:22 INFO  [http-nio-8080-exec-7] Controller.Grafico.LoginControllerGrafico - Utente perfettamente autenticato: nome=Giulio, cognome=Andreotti, ruolo=TRAVELER
2025-12-01 15:36:26 INFO  [http-nio-8080-exec-9] Controller.Grafico.BuyTicketControllerGrafico - Visualizzata la pagina di acquisto biglietti con size=4 città disponibili.
2025-12-01 15:36:29 INFO  [http-nio-8080-exec-1] Controller.Grafico.BuyTicketControllerGrafico - Elaborazione richiesta acquisto biglietti per città='Budapest', quantità=4
2025-12-01 15:36:30 INFO  [http-nio-8080-exec-1] Controller.Grafico.BuyTicketControllerGrafico - Elaborazione prezzo: prezzo=5.12
2025-12-01 15:36:44 INFO  [http-nio-8080-exec-2] Controller.Grafico.ConfermaPagamentoControllerGrafico - [PROCESSAMENTO PAGAMENTO] Utente loggato: nome=Giulio, cognome=Andreotti, ruolo=TRAVELER
2025-12-01 15:36:44 INFO  [http-nio-8080-exec-2] Controller.Grafico.ConfermaPagamentoControllerGrafico - Pagamento confermato con successo. City=Budapest, Quantity=4, Total=5.12, Method=mastercard, MessageCheck=Pagamento con Mastercard completato (4539456721894321)., TicketCode=[1764599804416-BUDAPEST-9ad5aefd, 1764599804419-BUDAPEST-f7474c05, 1764599804419-BUDAPEST-a069f0eb, 1764599804419-BUDAPEST-4476c1dc]
2025-12-01 15:37:52 INFO  [http-nio-8080-exec-10] Controller.Grafico.LoginControllerGrafico - Bean di autenticazione creato con email: NotCheckedEmail=andreotti@gmail.com, NotCheckedPassword=mammina
2025-12-01 15:37:52 INFO  [http-nio-8080-exec-10] Controller.Grafico.LoginControllerGrafico - Utente perfettamente autenticato: nome=Giulio, cognome=Andreotti, ruolo=TRAVELER
2025-12-01 15:37:54 INFO  [http-nio-8080-exec-2] Controller.Grafico.BuyTicketControllerGrafico - Visualizzata la pagina di acquisto biglietti con size=4 città disponibili.
2025-12-01 15:37:56 INFO  [http-nio-8080-exec-5] Controller.Grafico.BuyTicketControllerGrafico - Elaborazione richiesta acquisto biglietti per città='Athens', quantità=5
2025-12-01 15:37:56 INFO  [http-nio-8080-exec-5] Controller.Grafico.BuyTicketControllerGrafico - Elaborazione prezzo: prezzo=6.0
2025-12-01 15:39:56 INFO  [http-nio-8080-exec-9] Controller.Grafico.LoginControllerGrafico - Bean di autenticazione creato con email: NotCheckedEmail=andreotti@gmail.com, NotCheckedPassword=mammina
2025-12-01 15:39:57 INFO  [http-nio-8080-exec-9] Controller.Grafico.LoginControllerGrafico - Utente perfettamente autenticato: nome=Giulio, cognome=Andreotti, ruolo=TRAVELER
2025-12-01 15:39:58 INFO  [http-nio-8080-exec-1] Controller.Grafico.BuyTicketControllerGrafico - Visualizzata la pagina di acquisto biglietti con size=4 città disponibili.
2025-12-01 15:40:02 INFO  [http-nio-8080-exec-3] Controller.Grafico.BuyTicketControllerGrafico - Elaborazione richiesta acquisto biglietti per città='Naples', quantità=4
2025-12-01 15:40:02 INFO  [http-nio-8080-exec-3] Controller.Grafico.BuyTicketControllerGrafico - Elaborazione prezzo: prezzo=6.0
2025-12-01 15:40:15 INFO  [http-nio-8080-exec-4] Controller.Grafico.ConfermaPagamentoControllerGrafico - [PROCESSAMENTO PAGAMENTO] Utente loggato: nome=Giulio, cognome=Andreotti, ruolo=TRAVELER
2025-12-01 15:40:15 ERROR [http-nio-8080-exec-4] Controller.Grafico.ConfermaPagamentoControllerGrafico - Errore nei dati Mastercard InvalidCardInputExceptionRemoli {errorCode='ERR-CARD-INPUT', userMessage='Il numero della carta non è valido.', technicalMessage='Formato non corretto, atteso 16 cifre, ricevuto: 453945672189432111111', severity=MEDIUM, timestamp=2025-12-01T15:40:15.788276}
2025-12-01 15:40:46 INFO  [http-nio-8080-exec-9] Controller.Grafico.LoginControllerGrafico - Bean di autenticazione creato con email: NotCheckedEmail=andreotti@gmail.com, NotCheckedPassword=mammina
2025-12-01 15:40:47 INFO  [http-nio-8080-exec-9] Controller.Grafico.LoginControllerGrafico - Utente perfettamente autenticato: nome=Giulio, cognome=Andreotti, ruolo=TRAVELER
2025-12-01 15:40:49 INFO  [http-nio-8080-exec-1] Controller.Grafico.BuyTicketControllerGrafico - Visualizzata la pagina di acquisto biglietti con size=4 città disponibili.
2025-12-01 15:40:54 INFO  [http-nio-8080-exec-4] Controller.Grafico.BuyTicketControllerGrafico - Elaborazione richiesta acquisto biglietti per città='Budapest', quantità=3
2025-12-01 15:40:54 INFO  [http-nio-8080-exec-4] Controller.Grafico.BuyTicketControllerGrafico - Elaborazione prezzo: prezzo=3.84
2025-12-01 15:41:11 INFO  [http-nio-8080-exec-5] Controller.Grafico.ConfermaPagamentoControllerGrafico - [PROCESSAMENTO PAGAMENTO] Utente loggato: nome=Giulio, cognome=Andreotti, ruolo=TRAVELER
2025-12-01 15:41:11 ERROR [http-nio-8080-exec-5] Controller.Grafico.ConfermaPagamentoControllerGrafico - Errore PaymentValidationExceptionRemoli : Exception.PaymentValidationExceptionRemoli: Nessun pagamento trovato per la carta indicata.
2025-12-01 15:44:41 INFO  [http-nio-8080-exec-7] Controller.Grafico.LoginControllerGrafico - Bean di autenticazione creato con email: NotCheckedEmail=andreotti@gmail.com, NotCheckedPassword=mammina
2025-12-01 15:44:41 INFO  [http-nio-8080-exec-7] Controller.Grafico.LoginControllerGrafico - Utente perfettamente autenticato: nome=Giulio, cognome=Andreotti, ruolo=TRAVELER
2025-12-01 15:45:03 INFO  [http-nio-8080-exec-10] Controller.Grafico.BuyTicketControllerGrafico - Visualizzata la pagina di acquisto biglietti con size=4 città disponibili.
2025-12-01 15:45:07 INFO  [http-nio-8080-exec-4] Controller.Grafico.BuyTicketControllerGrafico - Elaborazione richiesta acquisto biglietti per città='Budapest', quantità=3
2025-12-01 15:45:07 INFO  [http-nio-8080-exec-4] Controller.Grafico.BuyTicketControllerGrafico - Elaborazione prezzo: prezzo=3.84
2025-12-01 15:45:25 INFO  [http-nio-8080-exec-5] Controller.Grafico.ConfermaPagamentoControllerGrafico - [PROCESSAMENTO PAGAMENTO] Utente loggato: nome=Giulio, cognome=Andreotti, ruolo=TRAVELER
2025-12-01 15:45:25 ERROR [http-nio-8080-exec-5] Controller.Grafico.ConfermaPagamentoControllerGrafico - Errore nei dati Mastercard InvalidCardInputExceptionRemoli {errorCode='ERR-CARD-INPUT', userMessage='Il codice transazione non è valido.', technicalMessage='Codice transazione non alfanumerico o lunghezza errata: 12', severity=MEDIUM, timestamp=2025-12-01T15:45:25.628508}
2025-12-01 15:46:17 INFO  [http-nio-8080-exec-9] Controller.Grafico.LoginControllerGrafico - Bean di autenticazione creato con email: NotCheckedEmail=andreotti@gmail.com, NotCheckedPassword=mammina
2025-12-01 15:46:17 INFO  [http-nio-8080-exec-9] Controller.Grafico.LoginControllerGrafico - Utente perfettamente autenticato: nome=Giulio, cognome=Andreotti, ruolo=TRAVELER
2025-12-01 15:46:22 INFO  [http-nio-8080-exec-1] Controller.Grafico.BuyTicketControllerGrafico - Visualizzata la pagina di acquisto biglietti con size=4 città disponibili.
2025-12-01 15:46:25 INFO  [http-nio-8080-exec-3] Controller.Grafico.BuyTicketControllerGrafico - Elaborazione richiesta acquisto biglietti per città='Budapest', quantità=4
2025-12-01 15:46:25 INFO  [http-nio-8080-exec-3] Controller.Grafico.BuyTicketControllerGrafico - Elaborazione prezzo: prezzo=5.12
2025-12-01 15:46:55 INFO  [http-nio-8080-exec-6] Controller.Grafico.ConfermaPagamentoControllerGrafico - [PROCESSAMENTO PAGAMENTO] Utente loggato: nome=Giulio, cognome=Andreotti, ruolo=TRAVELER
2025-12-01 15:46:55 ERROR [http-nio-8080-exec-6] Controller.Grafico.ConfermaPagamentoControllerGrafico - Errore nei dati Mastercard InvalidCardInputExceptionRemoli {errorCode='ERR-CARD-INPUT', userMessage='Il codice transazione non è valido.', technicalMessage='Codice transazione non alfanumerico o lunghezza errata: TXN-AB1218GH', severity=MEDIUM, timestamp=2025-12-01T15:46:55.650320}
2025-12-01 15:47:29 INFO  [http-nio-8080-exec-9] Controller.Grafico.LoginControllerGrafico - Bean di autenticazione creato con email: NotCheckedEmail=andreotti@gmail.com, NotCheckedPassword=mammina
2025-12-01 15:47:29 INFO  [http-nio-8080-exec-9] Controller.Grafico.LoginControllerGrafico - Utente perfettamente autenticato: nome=Giulio, cognome=Andreotti, ruolo=TRAVELER
2025-12-01 15:47:30 INFO  [http-nio-8080-exec-1] Controller.Grafico.BuyTicketControllerGrafico - Visualizzata la pagina di acquisto biglietti con size=4 città disponibili.
2025-12-01 15:47:33 INFO  [http-nio-8080-exec-4] Controller.Grafico.BuyTicketControllerGrafico - Elaborazione richiesta acquisto biglietti per città='Athens', quantità=3
2025-12-01 15:47:33 INFO  [http-nio-8080-exec-4] Controller.Grafico.BuyTicketControllerGrafico - Elaborazione prezzo: prezzo=3.5999999999999996
2025-12-01 15:48:11 INFO  [http-nio-8080-exec-6] Controller.Grafico.ConfermaPagamentoControllerGrafico - [PROCESSAMENTO PAGAMENTO] Utente loggato: nome=Giulio, cognome=Andreotti, ruolo=TRAVELER
2025-12-01 15:48:11 ERROR [http-nio-8080-exec-6] Controller.Grafico.ConfermaPagamentoControllerGrafico - Errore nei dati Mastercard InvalidCardInputExceptionRemoli {errorCode='ERR-CARD-INPUT', userMessage='Il codice transazione non è valido.', technicalMessage='Codice transazione non alfanumerico o lunghezza errata: TXN-AB1298GH', severity=MEDIUM, timestamp=2025-12-01T15:48:11.073735}
2025-12-01 15:53:02 INFO  [http-nio-8080-exec-7] Controller.Grafico.LoginControllerGrafico - Bean di autenticazione creato con email: NotCheckedEmail=andreotti@gmail.com, NotCheckedPassword=mammina
2025-12-01 15:53:02 INFO  [http-nio-8080-exec-7] Controller.Grafico.LoginControllerGrafico - Utente perfettamente autenticato: nome=Giulio, cognome=Andreotti, ruolo=TRAVELER
2025-12-01 15:53:04 INFO  [http-nio-8080-exec-9] Controller.Grafico.BuyTicketControllerGrafico - Visualizzata la pagina di acquisto biglietti con size=4 città disponibili.
2025-12-01 15:53:07 INFO  [http-nio-8080-exec-2] Controller.Grafico.BuyTicketControllerGrafico - Elaborazione richiesta acquisto biglietti per città='Budapest', quantità=7
2025-12-01 15:53:07 INFO  [http-nio-8080-exec-2] Controller.Grafico.BuyTicketControllerGrafico - Elaborazione prezzo: prezzo=8.96
2025-12-01 15:53:37 INFO  [http-nio-8080-exec-5] Controller.Grafico.ConfermaPagamentoControllerGrafico - [PROCESSAMENTO PAGAMENTO] Utente loggato: nome=Giulio, cognome=Andreotti, ruolo=TRAVELER
2025-12-01 15:53:37 INFO  [http-nio-8080-exec-5] Controller.Grafico.ConfermaPagamentoControllerGrafico - Pagamento confermato con successo. City=Budapest, Quantity=7, Total=8.96, Method=paypal, MessageCheck=Pagamento con PayPal completato per andrea.bianchi@gmail.com., TicketCode=[1764600817893-BUDAPEST-37ee3608, 1764600817898-BUDAPEST-44f161a5, 1764600817898-BUDAPEST-fb3c3e8e, 1764600817898-BUDAPEST-706cbc4a, 1764600817898-BUDAPEST-bf9cef0c, 1764600817898-BUDAPEST-391f980a, 1764600817898-BUDAPEST-2126c311]
2025-12-01 16:23:46 INFO  [http-nio-8080-exec-7] Controller.Grafico.LoginControllerGrafico - Bean di autenticazione creato con email: NotCheckedEmail=andreotti@gmail.com, NotCheckedPassword=mammina
2025-12-01 16:23:46 INFO  [http-nio-8080-exec-7] Controller.Grafico.LoginControllerGrafico - Utente perfettamente autenticato: nome=Giulio, cognome=Andreotti, ruolo=TRAVELER
2025-12-01 16:42:50 INFO  [http-nio-8080-exec-7] Controller.Grafico.LoginControllerGrafico - Bean di autenticazione creato con email: NotCheckedEmail=andreotti@gmail.com, NotCheckedPassword=mammina
2025-12-01 16:42:50 INFO  [http-nio-8080-exec-7] Controller.Grafico.LoginControllerGrafico - Utente perfettamente autenticato: nome=Giulio, cognome=Andreotti, ruolo=TRAVELER
2025-12-01 16:42:54 INFO  [http-nio-8080-exec-9] Controller.Grafico.BuyTicketControllerGrafico - Visualizzata la pagina di acquisto biglietti con size=4 città disponibili.
2025-12-01 16:42:58 INFO  [http-nio-8080-exec-2] Controller.Grafico.BuyTicketControllerGrafico - Elaborazione richiesta acquisto biglietti per città='Naples', quantità=4
2025-12-01 16:42:58 INFO  [http-nio-8080-exec-2] Controller.Grafico.BuyTicketControllerGrafico - Elaborazione prezzo: prezzo=6.0
2025-12-01 16:43:19 INFO  [http-nio-8080-exec-4] Controller.Grafico.ConfermaPagamentoControllerGrafico - [PROCESSAMENTO PAGAMENTO] Utente loggato: nome=Giulio, cognome=Andreotti, ruolo=TRAVELER
2025-12-01 16:43:19 ERROR [http-nio-8080-exec-4] Controller.Grafico.ConfermaPagamentoControllerGrafico - Errore nei dati Mastercard InvalidCardInputExceptionRemoli {errorCode='ERR-CARD-INPUT', userMessage='Il numero della carta non è valido.', technicalMessage='Formato non corretto, atteso 16 cifre, ricevuto: 12', severity=MEDIUM, timestamp=2025-12-01T16:43:19.626964}
2025-12-01 16:48:36 INFO  [http-nio-8080-exec-8] Controller.Grafico.LoginControllerGrafico - Bean di autenticazione creato con email: NotCheckedEmail=andreotti@gmail.com, NotCheckedPassword=mammina
2025-12-01 16:48:36 INFO  [http-nio-8080-exec-8] Controller.Grafico.LoginControllerGrafico - Utente perfettamente autenticato: nome=Giulio, cognome=Andreotti, ruolo=TRAVELER
2025-12-01 16:48:37 INFO  [http-nio-8080-exec-10] Controller.Grafico.BuyTicketControllerGrafico - Visualizzata la pagina di acquisto biglietti con size=4 città disponibili.
2025-12-01 16:48:40 INFO  [http-nio-8080-exec-3] Controller.Grafico.BuyTicketControllerGrafico - Elaborazione richiesta acquisto biglietti per città='Athens', quantità=4
2025-12-01 16:48:40 INFO  [http-nio-8080-exec-3] Controller.Grafico.BuyTicketControllerGrafico - Elaborazione prezzo: prezzo=4.8
2025-12-01 16:48:50 INFO  [http-nio-8080-exec-4] Controller.Grafico.ConfermaPagamentoControllerGrafico - [PROCESSAMENTO PAGAMENTO] Utente loggato: nome=Giulio, cognome=Andreotti, ruolo=TRAVELER
2025-12-01 16:48:50 ERROR [http-nio-8080-exec-4] Controller.Grafico.ConfermaPagamentoControllerGrafico - Errore nei dati Mastercard InvalidCardInputExceptionRemoli {errorCode='ERR-CARD-INPUT', userMessage='Il numero della carta non è valido.', technicalMessage='Formato non corretto, atteso 16 cifre, ricevuto: 1234', severity=MEDIUM, timestamp=2025-12-01T16:48:50.660854}
2025-12-01 16:50:37 INFO  [http-nio-8080-exec-1] Controller.Grafico.ConfermaPagamentoControllerGrafico - [PROCESSAMENTO PAGAMENTO] Utente loggato: nome=null, cognome=null, ruolo=null
2025-12-01 16:50:37 ERROR [http-nio-8080-exec-1] Controller.Grafico.ConfermaPagamentoControllerGrafico - Errore nei dati Mastercard InvalidCardInputExceptionRemoli {errorCode='ERR-CARD-INPUT', userMessage='Il numero della carta non è valido.', technicalMessage='Formato non corretto, atteso 16 cifre, ricevuto: 1234', severity=MEDIUM, timestamp=2025-12-01T16:50:37.354561}
2025-12-01 16:50:41 INFO  [http-nio-8080-exec-3] Controller.Grafico.ConfermaPagamentoControllerGrafico - [PROCESSAMENTO PAGAMENTO] Utente loggato: nome=null, cognome=null, ruolo=null
2025-12-01 16:50:41 ERROR [http-nio-8080-exec-3] Controller.Grafico.ConfermaPagamentoControllerGrafico - Errore nei dati Mastercard InvalidCardInputExceptionRemoli {errorCode='ERR-CARD-INPUT', userMessage='Il numero della carta non è valido.', technicalMessage='Formato non corretto, atteso 16 cifre, ricevuto: 1234', severity=MEDIUM, timestamp=2025-12-01T16:50:41.292188}
2025-12-01 16:53:39 INFO  [http-nio-8080-exec-1] Controller.Grafico.ConfermaPagamentoControllerGrafico - [PROCESSAMENTO PAGAMENTO] Utente loggato: nome=null, cognome=null, ruolo=null
2025-12-01 16:53:39 ERROR [http-nio-8080-exec-1] Controller.Grafico.ConfermaPagamentoControllerGrafico - Errore nei dati Mastercard InvalidCardInputExceptionRemoli {errorCode='ERR-CARD-INPUT', userMessage='Il numero della carta non è valido.', technicalMessage='Formato non corretto, atteso 16 cifre, ricevuto: 1234', severity=MEDIUM, timestamp=2025-12-01T16:53:39.352644}
2025-12-01 16:54:07 INFO  [http-nio-8080-exec-9] Controller.Grafico.LoginControllerGrafico - Bean di autenticazione creato con email: NotCheckedEmail=andreotti@gmail.com, NotCheckedPassword=mammina
2025-12-01 16:54:07 INFO  [http-nio-8080-exec-9] Controller.Grafico.LoginControllerGrafico - Utente perfettamente autenticato: nome=Giulio, cognome=Andreotti, ruolo=TRAVELER
2025-12-01 16:54:08 INFO  [http-nio-8080-exec-1] Controller.Grafico.BuyTicketControllerGrafico - Visualizzata la pagina di acquisto biglietti con size=4 città disponibili.
2025-12-01 16:54:11 INFO  [http-nio-8080-exec-4] Controller.Grafico.BuyTicketControllerGrafico - Elaborazione richiesta acquisto biglietti per città='Budapest', quantità=3
2025-12-01 16:54:11 INFO  [http-nio-8080-exec-4] Controller.Grafico.BuyTicketControllerGrafico - Elaborazione prezzo: prezzo=3.84
2025-12-01 16:54:28 INFO  [http-nio-8080-exec-5] Controller.Grafico.ConfermaPagamentoControllerGrafico - [PROCESSAMENTO PAGAMENTO] Utente loggato: nome=Giulio, cognome=Andreotti, ruolo=TRAVELER
2025-12-01 16:54:28 ERROR [http-nio-8080-exec-5] Controller.Grafico.ConfermaPagamentoControllerGrafico - Errore nei dati Mastercard InvalidCardInputExceptionRemoli {errorCode='ERR-CARD-INPUT', userMessage='Il numero della carta non è valido.', technicalMessage='Formato non corretto, atteso 16 cifre, ricevuto: 1231111111111111111111111', severity=MEDIUM, timestamp=2025-12-01T16:54:28.708053}
2025-12-01 16:56:18 INFO  [http-nio-8080-exec-6] Controller.Grafico.ConfermaPagamentoControllerGrafico - [PROCESSAMENTO PAGAMENTO] Utente loggato: nome=null, cognome=null, ruolo=null
2025-12-01 16:56:18 ERROR [http-nio-8080-exec-6] Controller.Grafico.ConfermaPagamentoControllerGrafico - Errore nei dati Mastercard InvalidCardInputExceptionRemoli {errorCode='ERR-CARD-INPUT', userMessage='Il numero della carta non è valido.', technicalMessage='Formato non corretto, atteso 16 cifre, ricevuto: 1231111111111111111111111', severity=MEDIUM, timestamp=2025-12-01T16:56:18.862808}
